epoch,accuracy,loss
0,0.05,2.370048761367798
1,0.05,2.3283302783966064
2,0.1,2.288275718688965
3,0.25,2.2493276596069336
4,0.25,2.211902141571045
5,0.25,2.1755402088165283
6,0.25,2.1406352519989014
7,0.3,2.106873035430908
8,0.3,2.074373960494995
9,0.3,2.0428037643432617
10,0.35,2.0120365619659424
11,0.35,1.9820810556411743
12,0.35,1.9529205560684204
13,0.5,1.9243940114974976
14,0.55,1.8965065479278564
15,0.55,1.8691648244857788
16,0.55,1.8420909643173218
17,0.55,1.8153349161148071
18,0.55,1.7889773845672607
19,0.55,1.7630010843276978
20,0.6,1.7373943328857422
21,0.7,1.7120554447174072
22,0.8,1.6871469020843506
23,0.85,1.6627124547958374
24,0.85,1.638576865196228
25,0.85,1.6147677898406982
26,0.85,1.5915964841842651
27,0.85,1.5689436197280884
28,0.85,1.5468136072158813
29,0.9,1.5251070261001587
30,0.9,1.503791093826294
31,0.95,1.4828656911849976
32,0.95,1.4622795581817627
33,0.95,1.4419809579849243
34,0.95,1.4220707416534424
35,0.95,1.4024035930633545
36,0.95,1.383019208908081
37,0.95,1.3638865947723389
38,0.95,1.3449323177337646
39,0.95,1.3262614011764526
40,0.95,1.3077324628829956
41,0.95,1.2894937992095947
42,0.95,1.2713749408721924
43,0.95,1.2535675764083862
44,0.95,1.2360608577728271
45,0.95,1.2186486721038818
46,0.95,1.20160710811615
47,0.95,1.1848112344741821
48,0.95,1.1682708263397217
49,0.95,1.1519657373428345
50,0.95,1.1359680891036987
51,0.95,1.1201084852218628
52,0.95,1.1045280694961548
53,0.95,1.0891584157943726
54,0.95,1.0740619897842407
55,0.95,1.0593178272247314
56,0.95,1.0448824167251587
57,0.95,1.030691385269165
58,0.95,1.0165904760360718
59,0.95,1.0028102397918701
60,0.95,0.9892509579658508
61,0.95,0.9759602546691895
62,0.95,0.9628297090530396
63,1.0,0.9499486088752747
64,1.0,0.9372928738594055
65,1.0,0.924700915813446
66,1.0,0.9124035835266113
67,1.0,0.9003375172615051
68,1.0,0.8884149789810181
69,1.0,0.8767017126083374
70,1.0,0.8651503324508667
71,1.0,0.853702187538147
72,1.0,0.8424121737480164
73,1.0,0.8313004374504089
74,1.0,0.8203142881393433
75,1.0,0.8094617128372192
76,1.0,0.7986885905265808
77,1.0,0.788124144077301
78,1.0,0.7775944471359253
79,1.0,0.7672113180160522
80,1.0,0.7570732831954956
81,1.0,0.747083306312561
82,1.0,0.7371901273727417
83,1.0,0.7275688052177429
84,1.0,0.7180178761482239
85,1.0,0.7086089253425598
86,1.0,0.6994354128837585
87,1.0,0.6903183460235596
88,1.0,0.6813623905181885
89,1.0,0.6726793050765991
90,1.0,0.6639352440834045
91,1.0,0.6554697751998901
92,1.0,0.6471567153930664
93,1.0,0.6389139294624329
94,1.0,0.6308531761169434
95,1.0,0.6229113936424255
96,1.0,0.615176260471344
97,1.0,0.6074715852737427
98,1.0,0.59990394115448
99,1.0,0.5924974083900452
100,1.0,0.5851911306381226
101,1.0,0.5780500769615173
102,1.0,0.5709377527236938
103,1.0,0.5640284419059753
104,1.0,0.5572037696838379
105,1.0,0.550484299659729
106,1.0,0.5439223051071167
107,1.0,0.5374535918235779
108,1.0,0.531035304069519
109,1.0,0.524782657623291
110,1.0,0.5186071395874023
111,1.0,0.5125336050987244
112,1.0,0.506578266620636
113,1.0,0.5006924867630005
114,1.0,0.4949175715446472
115,1.0,0.4892243444919586
116,1.0,0.4835740923881531
117,1.0,0.47800928354263306
118,1.0,0.47257405519485474
119,1.0,0.4672403335571289
120,1.0,0.461958110332489
121,1.0,0.4567852020263672
122,1.0,0.4516010880470276
123,1.0,0.44659286737442017
124,1.0,0.4416124224662781
125,1.0,0.43673354387283325
126,1.0,0.4318968653678894
127,1.0,0.42716020345687866
128,1.0,0.42248907685279846
129,1.0,0.4178655743598938
130,1.0,0.4133402705192566
131,1.0,0.4088996946811676
132,1.0,0.4045032560825348
133,1.0,0.4001673758029938
134,1.0,0.39588838815689087
135,1.0,0.39171913266181946
136,1.0,0.3875812292098999
137,1.0,0.38349246978759766
138,1.0,0.37950557470321655
139,1.0,0.37553587555885315
140,1.0,0.3716624677181244
141,1.0,0.36781877279281616
142,1.0,0.3640085458755493
143,1.0,0.3602762222290039
144,1.0,0.35659557580947876
145,1.0,0.352979838848114
146,1.0,0.3494144082069397
147,1.0,0.34590619802474976
148,1.0,0.34245067834854126
149,1.0,0.3390561044216156
150,1.0,0.3356831967830658
151,1.0,0.33238279819488525
152,1.0,0.3291171193122864
153,1.0,0.32591184973716736
154,1.0,0.32274335622787476
155,1.0,0.3196333944797516
156,1.0,0.31658345460891724
157,1.0,0.31356191635131836
158,1.0,0.31058111786842346
159,1.0,0.30764511227607727
160,1.0,0.3047609329223633
161,1.0,0.3019039034843445
162,1.0,0.29911676049232483
163,1.0,0.29636150598526
164,1.0,0.2936401665210724
165,1.0,0.2909441590309143
166,1.0,0.28830915689468384
167,1.0,0.285688579082489
168,1.0,0.2831197679042816
169,1.0,0.2805633842945099
170,1.0,0.27805548906326294
171,1.0,0.27557650208473206
172,1.0,0.2731298506259918
173,1.0,0.27071577310562134
174,1.0,0.2683315873146057
175,1.0,0.2659650146961212
176,1.0,0.2636449933052063
177,1.0,0.261344850063324
178,1.0,0.2590802311897278
179,1.0,0.25686466693878174
180,1.0,0.25466349720954895
181,1.0,0.2524935007095337
182,1.0,0.25035959482192993
183,1.0,0.24823160469532013
184,1.0,0.24614055454730988
185,1.0,0.2440940886735916
186,1.0,0.24204108119010925
187,1.0,0.2400306761264801
188,1.0,0.23804061114788055
189,1.0,0.23607785999774933
190,1.0,0.23413994908332825
191,1.0,0.23221953213214874
192,1.0,0.23034235835075378
193,1.0,0.2284785807132721
194,1.0,0.22665587067604065
195,1.0,0.2248286008834839
196,1.0,0.22304296493530273
197,1.0,0.22127977013587952
198,1.0,0.2195294201374054
199,1.0,0.21780677139759064
200,1.0,0.2161036729812622
201,1.0,0.21441414952278137
202,1.0,0.2127586305141449
203,1.0,0.21112701296806335
204,1.0,0.20950326323509216
205,1.0,0.20791272819042206
206,1.0,0.2063228189945221
207,1.0,0.20475034415721893
208,1.0,0.20319576561450958
209,1.0,0.20165911316871643
210,1.0,0.20013339817523956
211,1.0,0.1986425668001175
212,1.0,0.19715991616249084
213,1.0,0.19570223987102509
214,1.0,0.19425003230571747
215,1.0,0.19283154606819153
216,1.0,0.19143275916576385
217,1.0,0.190034419298172
218,1.0,0.18866989016532898
219,1.0,0.18730691075325012
220,1.0,0.18596944212913513
221,1.0,0.18463784456253052
222,1.0,0.1833212673664093
223,1.0,0.18202385306358337
224,1.0,0.18075017631053925
225,1.0,0.17947691679000854
226,1.0,0.17822305858135223
227,1.0,0.17698507010936737
228,1.0,0.17576296627521515
229,1.0,0.17455187439918518
230,1.0,0.17334957420825958
231,1.0,0.17216917872428894
232,1.0,0.17101018130779266
233,1.0,0.16985373198986053
234,1.0,0.16870242357254028
235,1.0,0.16757719218730927
236,1.0,0.1664588302373886
237,1.0,0.16535864770412445
238,1.0,0.1642673909664154
239,1.0,0.1631898134946823
240,1.0,0.16211512684822083
241,1.0,0.16106674075126648
242,1.0,0.1600237488746643
243,1.0,0.15898527204990387
244,1.0,0.15796537697315216
245,1.0,0.15696343779563904
246,1.0,0.15596356987953186
247,1.0,0.15497487783432007
248,1.0,0.1540001630783081
249,1.0,0.15302510559558868
250,1.0,0.15206971764564514
251,1.0,0.15113046765327454
252,1.0,0.15019068121910095
253,1.0,0.1492660790681839
254,1.0,0.14834332466125488
255,1.0,0.14743921160697937
256,1.0,0.14653651416301727
257,1.0,0.1456499993801117
258,1.0,0.14477097988128662
259,1.0,0.14389969408512115
260,1.0,0.1430503875017166
261,1.0,0.14218731224536896
262,1.0,0.1413484364748001
263,1.0,0.14051268994808197
264,1.0,0.13967950642108917
265,1.0,0.13886281847953796
266,1.0,0.13804969191551208
267,1.0,0.1372445970773697
268,1.0,0.13644805550575256
269,1.0,0.1356612741947174
270,1.0,0.1348782479763031
271,1.0,0.13410823047161102
272,1.0,0.13334842026233673
273,1.0,0.13258197903633118
274,1.0,0.13183718919754028
275,1.0,0.13109071552753448
276,1.0,0.13035738468170166
277,1.0,0.12963208556175232
278,1.0,0.12890580296516418
279,1.0,0.12818995118141174
280,1.0,0.12748317420482635
281,1.0,0.12678208947181702
282,1.0,0.12608639895915985
283,1.0,0.1253957450389862
284,1.0,0.12471963465213776
285,1.0,0.12403880059719086
286,1.0,0.12337438017129898
287,1.0,0.12270339578390121
288,1.0,0.12205062061548233
289,1.0,0.12140326201915741
290,1.0,0.12075765430927277
291,1.0,0.12012238800525665
292,1.0,0.11948533356189728
293,1.0,0.11886243522167206
294,1.0,0.11824525892734528
295,1.0,0.11762674152851105
296,1.0,0.11702406406402588
297,1.0,0.11641614139080048
298,1.0,0.11582107841968536
299,1.0,0.11522964388132095
300,1.0,0.11463902145624161
301,1.0,0.11405928432941437
302,1.0,0.11348428577184677
303,1.0,0.11291344463825226
304,1.0,0.11234275251626968
305,1.0,0.11178549379110336
306,1.0,0.1112251877784729
307,1.0,0.11067657172679901
308,1.0,0.11012979596853256
309,1.0,0.10958454757928848
310,1.0,0.10904891788959503
311,1.0,0.1085137352347374
312,1.0,0.10798905789852142
313,1.0,0.10746510326862335
314,1.0,0.10694308578968048
315,1.0,0.10643042623996735
316,1.0,0.10591790825128555
317,1.0,0.10541163384914398
318,1.0,0.10490967333316803
319,1.0,0.10440957546234131
320,1.0,0.10391268879175186
321,1.0,0.10342637449502945
322,1.0,0.1029413715004921
323,1.0,0.10245301574468613
324,1.0,0.10197620093822479
325,1.0,0.1014968603849411
326,1.0,0.10102953761816025
327,1.0,0.10055924952030182
328,1.0,0.10009530931711197
329,1.0,0.09963591396808624
330,1.0,0.09917476773262024
331,1.0,0.09872230887413025
332,1.0,0.09827335178852081
333,1.0,0.09782405942678452
334,1.0,0.09738396108150482
335,1.0,0.09694460034370422
336,1.0,0.09650582075119019
337,1.0,0.09607503563165665
338,1.0,0.09564461559057236
339,1.0,0.09522109478712082
340,1.0,0.09480000287294388
341,1.0,0.09437650442123413
342,1.0,0.09395994991064072
343,1.0,0.09354947507381439
344,1.0,0.09313715994358063
345,1.0,0.09273183345794678
346,1.0,0.09232670068740845
347,1.0,0.09192601591348648
348,1.0,0.09152473509311676
349,1.0,0.0911325067281723
350,1.0,0.09073784947395325
351,1.0,0.0903509333729744
352,1.0,0.0899633914232254
353,1.0,0.08957721292972565
354,1.0,0.08920037746429443
355,1.0,0.08882011473178864
356,1.0,0.08844488859176636
357,1.0,0.08807243406772614
358,1.0,0.08770598471164703
359,1.0,0.08733594417572021
360,1.0,0.08697323501110077
361,1.0,0.08661332726478577
362,1.0,0.08625198900699615
363,1.0,0.08589649200439453
364,1.0,0.0855414941906929
365,1.0,0.08519311249256134
366,1.0,0.08484379947185516
367,1.0,0.08449530601501465
368,1.0,0.08415332436561584
369,1.0,0.08381294459104538
370,1.0,0.0834728479385376
371,1.0,0.08313946425914764
372,1.0,0.08280296623706818
373,1.0,0.08247169107198715
374,1.0,0.08214205503463745
375,1.0,0.08181390166282654
376,1.0,0.08148948848247528
377,1.0,0.08116909116506577
378,1.0,0.08084619045257568
379,1.0,0.08052738010883331
380,1.0,0.0802127942442894
381,1.0,0.0798972025513649
382,1.0,0.0795850157737732
383,1.0,0.07927356660366058
384,1.0,0.07896794378757477
385,1.0,0.07866447418928146
386,1.0,0.0783584713935852
387,1.0,0.07806091010570526
388,1.0,0.07775918394327164
389,1.0,0.07746235281229019
390,1.0,0.07716785371303558
391,1.0,0.076875239610672
392,1.0,0.07658320665359497
393,1.0,0.07629521936178207
394,1.0,0.07600907981395721
395,1.0,0.07572181522846222
396,1.0,0.07543930411338806
397,1.0,0.07515768706798553
398,1.0,0.07487871497869492
399,1.0,0.07459963113069534
400,1.0,0.07432471215724945
401,1.0,0.07405022531747818
402,1.0,0.073777936398983
403,1.0,0.07350939512252808
404,1.0,0.07323828339576721
405,1.0,0.07297216355800629
406,1.0,0.07270953804254532
407,1.0,0.07244455814361572
408,1.0,0.07218385487794876
409,1.0,0.07192341983318329
410,1.0,0.071668341755867
411,1.0,0.07141002267599106
412,1.0,0.07115552574396133
413,1.0,0.07090441137552261
414,1.0,0.07064974308013916
415,1.0,0.07040198147296906
416,1.0,0.07015369087457657
417,1.0,0.06990734487771988
418,1.0,0.06966115534305573
419,1.0,0.06941641867160797
420,1.0,0.06917663663625717
421,1.0,0.06893755495548248
422,1.0,0.06869684159755707
423,1.0,0.06846074014902115
424,1.0,0.0682230219244957
425,1.0,0.06798790395259857
426,1.0,0.06775680184364319
427,1.0,0.06752343475818634
428,1.0,0.06729395687580109
429,1.0,0.06706549972295761
430,1.0,0.06683675944805145
431,1.0,0.06661190837621689
432,1.0,0.06638731807470322
433,1.0,0.06616384536027908
434,1.0,0.06594206392765045
435,1.0,0.06572094559669495
436,1.0,0.06550364196300507
437,1.0,0.06528566032648087
438,1.0,0.06506983190774918
439,1.0,0.06485594809055328
440,1.0,0.06464219093322754
441,1.0,0.06443122774362564
442,1.0,0.06422049552202225
443,1.0,0.06400907039642334
444,1.0,0.06380176544189453
445,1.0,0.06359485536813736
446,1.0,0.06338823586702347
447,1.0,0.06318481266498566
448,1.0,0.06297977268695831
449,1.0,0.06277915090322495
450,1.0,0.0625787302851677
451,1.0,0.062377482652664185
452,1.0,0.062179386615753174
453,1.0,0.06198194622993469
454,1.0,0.06178557872772217
455,1.0,0.06158887594938278
456,1.0,0.061395157128572464
457,1.0,0.061201632022857666
458,1.0,0.06101147085428238
459,1.0,0.0608183816075325
460,1.0,0.060628753155469894
461,1.0,0.06044071912765503
462,1.0,0.06025218218564987
463,1.0,0.060064345598220825
464,1.0,0.05987907573580742
465,1.0,0.059696197509765625
466,1.0,0.059512048959732056
467,1.0,0.059328593313694
468,1.0,0.05914728716015816
469,1.0,0.05896676704287529
470,1.0,0.058786023408174515
471,1.0,0.05860794708132744
472,1.0,0.05843118578195572
473,1.0,0.0582536980509758
474,1.0,0.058077406138181686
475,1.0,0.057903796434402466
476,1.0,0.05772839114069939
477,1.0,0.057556819170713425
478,1.0,0.05738431215286255
479,1.0,0.05721409246325493
480,1.0,0.05704218149185181
481,1.0,0.056873470544815063
482,1.0,0.05670597404241562
483,1.0,0.05653661489486694
484,1.0,0.056372035294771194
485,1.0,0.05620545148849487
486,1.0,0.05603962391614914
487,1.0,0.05587683990597725
488,1.0,0.05571277067065239
489,1.0,0.05555009841918945
490,1.0,0.05538846179842949
491,1.0,0.05522829294204712
492,1.0,0.05506876856088638
493,1.0,0.05490889027714729
494,1.0,0.05475236102938652
495,1.0,0.05459407716989517
496,1.0,0.054438211023807526
497,1.0,0.05428199842572212
498,1.0,0.05412772297859192
499,1.0,0.05397350713610649
500,1.0,0.05382044240832329
501,1.0,0.053668297827243805
502,1.0,0.05351541191339493
503,1.0,0.053365834057331085
504,1.0,0.05321536213159561
505,1.0,0.05306624248623848
506,1.0,0.05291770026087761
507,1.0,0.05276959016919136
508,1.0,0.05262268707156181
509,1.0,0.05247656628489494
510,1.0,0.0523308627307415
511,1.0,0.05218745023012161
512,1.0,0.052042026072740555
513,1.0,0.05189881473779678
514,1.0,0.05175632983446121
515,1.0,0.05161479860544205
516,1.0,0.05147367715835571
517,1.0,0.0513327531516552
518,1.0,0.05119296908378601
519,1.0,0.05105417221784592
520,1.0,0.05091517046093941
521,1.0,0.050777532160282135
522,1.0,0.05064045637845993
523,1.0,0.05050501972436905
524,1.0,0.05036851018667221
525,1.0,0.05023331567645073
526,1.0,0.05010002851486206
527,1.0,0.04996476694941521
528,1.0,0.049832534044981
529,1.0,0.049698878079652786
530,1.0,0.04956817626953125
531,1.0,0.04943612590432167
532,1.0,0.04930562898516655
533,1.0,0.04917629808187485
534,1.0,0.04904608428478241
535,1.0,0.04891839623451233
536,1.0,0.04879036918282509
537,1.0,0.04866208881139755
538,1.0,0.04853557050228119
539,1.0,0.04840915650129318
540,1.0,0.04828296974301338
541,1.0,0.048157788813114166
542,1.0,0.04803390055894852
543,1.0,0.04790963977575302
544,1.0,0.04778551310300827
545,1.0,0.04766330122947693
546,1.0,0.04754025489091873
547,1.0,0.04741867259144783
548,1.0,0.047299277037382126
549,1.0,0.04717789217829704
550,1.0,0.047057196497917175
551,1.0,0.04693806916475296
552,1.0,0.04681819677352905
553,1.0,0.0467010997235775
554,1.0,0.046583034098148346
555,1.0,0.04646558687090874
556,1.0,0.046347860246896744
557,1.0,0.04623302072286606
558,1.0,0.04611736908555031
559,1.0,0.04600083827972412
560,1.0,0.04588659107685089
561,1.0,0.04577293619513512
562,1.0,0.04565965011715889
563,1.0,0.04554697126150131
564,1.0,0.04543320834636688
565,1.0,0.045321255922317505
566,1.0,0.0452096052467823
567,1.0,0.04509858042001724
568,1.0,0.04498782753944397
569,1.0,0.04487721994519234
570,1.0,0.04476749151945114
571,1.0,0.04465813189744949
572,1.0,0.04454897716641426
573,1.0,0.044441692531108856
574,1.0,0.04433359578251839
575,1.0,0.044226594269275665
576,1.0,0.04411947727203369
577,1.0,0.04401296749711037
578,1.0,0.04390742629766464
579,1.0,0.043802108615636826
580,1.0,0.04369702935218811
581,1.0,0.04359157755970955
582,1.0,0.0434885248541832
583,1.0,0.043385207653045654
584,1.0,0.04328073188662529
585,1.0,0.0431792214512825
586,1.0,0.043076835572719574
587,1.0,0.042975522577762604
588,1.0,0.042873185127973557
589,1.0,0.04277195781469345
590,1.0,0.04267192259430885
591,1.0,0.042572271078825
592,1.0,0.04247206449508667
593,1.0,0.04237296059727669
594,1.0,0.04227330535650253
595,1.0,0.04217515513300896
596,1.0,0.042076610028743744
597,1.0,0.04197949916124344
598,1.0,0.041881855577230453
599,1.0,0.04178522154688835
600,1.0,0.04168898984789848
601,1.0,0.04159320890903473
602,1.0,0.04149679094552994
603,1.0,0.041401393711566925
604,1.0,0.04130711778998375
605,1.0,0.041212357580661774
606,1.0,0.04111821576952934
607,1.0,0.041024722158908844
608,1.0,0.04093166068196297
609,1.0,0.04083835333585739
610,1.0,0.04074571654200554
611,1.0,0.040654201060533524
612,1.0,0.04056248068809509
613,1.0,0.0404704324901104
614,1.0,0.04037924110889435
615,1.0,0.04028933495283127
616,1.0,0.040198709815740585
617,1.0,0.04010889679193497
618,1.0,0.040019650012254715
619,1.0,0.0399298295378685
620,1.0,0.039841603487730026
621,1.0,0.039753131568431854
622,1.0,0.03966498002409935
623,1.0,0.039576806128025055
624,1.0,0.03949026018381119
625,1.0,0.03940282389521599
626,1.0,0.039315976202487946
627,1.0,0.03923017904162407
628,1.0,0.03914372995495796
629,1.0,0.03905798867344856
630,1.0,0.038972966372966766
631,1.0,0.03888781741261482
632,1.0,0.038803864270448685
633,1.0,0.03871920332312584
634,1.0,0.03863516449928284
635,1.0,0.03855224326252937
636,1.0,0.038468681275844574
637,1.0,0.03838501498103142
638,1.0,0.03830296918749809
639,1.0,0.03822007402777672
640,1.0,0.03813869506120682
641,1.0,0.038057368248701096
642,1.0,0.03797563165426254
643,1.0,0.03789472579956055
644,1.0,0.03781427815556526
645,1.0,0.03773369640111923
646,1.0,0.03765300661325455
647,1.0,0.03757399320602417
648,1.0,0.03749460354447365
649,1.0,0.037414856255054474
650,1.0,0.037336450070142746
651,1.0,0.037257567048072815
652,1.0,0.03717997670173645
653,1.0,0.03710189461708069
654,1.0,0.037023983895778656
655,1.0,0.03694702684879303
656,1.0,0.03687020018696785
657,1.0,0.036792732775211334
658,1.0,0.03671672195196152
659,1.0,0.036640364676713943
660,1.0,0.036564379930496216
661,1.0,0.036489345133304596
662,1.0,0.03641381487250328
663,1.0,0.0363389328122139
664,1.0,0.036264482885599136
665,1.0,0.03618936985731125
666,1.0,0.036115922033786774
667,1.0,0.03604169189929962
668,1.0,0.03596830368041992
669,1.0,0.03589534014463425
670,1.0,0.03582159802317619
671,1.0,0.035749174654483795
672,1.0,0.03567689284682274
673,1.0,0.035604484379291534
674,1.0,0.03553243726491928
675,1.0,0.03546109050512314
676,1.0,0.035389721393585205
677,1.0,0.035318128764629364
678,1.0,0.03524760529398918
679,1.0,0.035176388919353485
680,1.0,0.035106170922517776
681,1.0,0.0350363627076149
682,1.0,0.03496647998690605
683,1.0,0.034896694123744965
684,1.0,0.03482732176780701
685,1.0,0.03475821390748024
686,1.0,0.034689366817474365
687,1.0,0.034620534628629684
688,1.0,0.03455249220132828
689,1.0,0.03448411449790001
690,1.0,0.03441618010401726
691,1.0,0.03434882313013077
692,1.0,0.03428184613585472
693,1.0,0.03421394154429436
694,1.0,0.034147486090660095
695,1.0,0.03408072143793106
696,1.0,0.034014131873846054
697,1.0,0.033947743475437164
698,1.0,0.033882491290569305
699,1.0,0.03381625935435295
700,1.0,0.033751171082258224
701,1.0,0.033685408532619476
702,1.0,0.033620335161685944
703,1.0,0.0335562638938427
704,1.0,0.03349129855632782
705,1.0,0.033426836133003235
706,1.0,0.033363036811351776
707,1.0,0.03329888731241226
708,1.0,0.033235371112823486
709,1.0,0.033172108232975006
710,1.0,0.03310848027467728
711,1.0,0.033045653253793716
712,1.0,0.03298277407884598
713,1.0,0.03292056918144226
714,1.0,0.03285816311836243
715,1.0,0.032795924693346024
716,1.0,0.03273400291800499
717,1.0,0.03267241269350052
718,1.0,0.032610587775707245
719,1.0,0.03254983574151993
720,1.0,0.032488513737916946
721,1.0,0.03242792934179306
722,1.0,0.03236693888902664
723,1.0,0.03230651840567589
724,1.0,0.03224639222025871
725,1.0,0.032186515629291534
726,1.0,0.03212711960077286
727,1.0,0.03206714242696762
728,1.0,0.03200748562812805
729,1.0,0.03194870799779892
730,1.0,0.03188933804631233
731,1.0,0.031831007450819016
732,1.0,0.03177224099636078
733,1.0,0.0317138135433197
734,1.0,0.03165588900446892
735,1.0,0.03159749507904053
736,1.0,0.031539805233478546
737,1.0,0.03148268163204193
738,1.0,0.03142493590712547
739,1.0,0.03136761859059334
740,1.0,0.031310923397541046
741,1.0,0.03125397115945816
742,1.0,0.03119722567498684
743,1.0,0.031140828505158424
744,1.0,0.03108454868197441
745,1.0,0.031028319150209427
746,1.0,0.03097272478044033
747,1.0,0.030917469412088394
748,1.0,0.030861595645546913
749,1.0,0.030806366354227066
750,1.0,0.030750811100006104
751,1.0,0.030696207657456398
752,1.0,0.030641287565231323
753,1.0,0.030586466193199158
754,1.0,0.030532974749803543
755,1.0,0.030478322878479958
756,1.0,0.030424002557992935
757,1.0,0.030370617285370827
758,1.0,0.03031623736023903
759,1.0,0.03026335872709751
760,1.0,0.030210038647055626
761,1.0,0.030156482011079788
762,1.0,0.030103877186775208
763,1.0,0.03005126491189003
764,1.0,0.02999817207455635
765,1.0,0.02994607761502266
766,1.0,0.029893482103943825
767,1.0,0.02984124980866909
768,1.0,0.029789483174681664
769,1.0,0.029737818986177444
770,1.0,0.02968607284128666
771,1.0,0.029634645208716393
772,1.0,0.029583165422081947
773,1.0,0.029532402753829956
774,1.0,0.029481301084160805
775,1.0,0.029430687427520752
776,1.0,0.02937985025346279
777,1.0,0.02932928502559662
778,1.0,0.029278993606567383
779,1.0,0.029229074716567993
780,1.0,0.02917906641960144
781,1.0,0.02912907861173153
782,1.0,0.029079128056764603
783,1.0,0.029029425233602524
784,1.0,0.028980279341340065
785,1.0,0.028931301087141037
786,1.0,0.028882106766104698
787,1.0,0.028833234682679176
788,1.0,0.028784513473510742
789,1.0,0.02873588725924492
790,1.0,0.02868683636188507
791,1.0,0.0286389347165823
792,1.0,0.028591115027666092
793,1.0,0.02854306437075138
794,1.0,0.028494957834482193
795,1.0,0.028447505086660385
796,1.0,0.028399769216775894
797,1.0,0.02835192158818245
798,1.0,0.02830525115132332
799,1.0,0.028257941827178
800,1.0,0.028210878372192383
801,1.0,0.028163988143205643
802,1.0,0.02811717428267002
803,1.0,0.028070762753486633
804,1.0,0.028024667873978615
805,1.0,0.0279780812561512
806,1.0,0.02793183922767639
807,1.0,0.02788572572171688
808,1.0,0.02784004434943199
809,1.0,0.027794435620307922
810,1.0,0.02774864435195923
811,1.0,0.02770337089896202
812,1.0,0.02765762247145176
813,1.0,0.027612552046775818
814,1.0,0.027567774057388306
815,1.0,0.027522752061486244
816,1.0,0.02747800573706627
817,1.0,0.027433309704065323
818,1.0,0.027388837188482285
819,1.0,0.027344465255737305
820,1.0,0.027299825102090836
821,1.0,0.027256052941083908
822,1.0,0.02721228078007698
823,1.0,0.027168285101652145
824,1.0,0.02712433598935604
825,1.0,0.02708069421350956
826,1.0,0.027037108317017555
827,1.0,0.026994124054908752
828,1.0,0.02695048786699772
829,1.0,0.026907388120889664
830,1.0,0.026864567771553993
831,1.0,0.02682168409228325
832,1.0,0.026778846979141235
833,1.0,0.026736238971352577
834,1.0,0.026693811640143394
835,1.0,0.026651531457901
836,1.0,0.026609206572175026
837,1.0,0.0265670008957386
838,1.0,0.026525165885686874
839,1.0,0.026483243331313133
840,1.0,0.026441454887390137
841,1.0,0.026399796828627586
842,1.0,0.026358425617218018
843,1.0,0.026316586881875992
844,1.0,0.026275794953107834
845,1.0,0.026234447956085205
846,1.0,0.026193266734480858
847,1.0,0.02615239843726158
848,1.0,0.02611156739294529
849,1.0,0.02607126533985138
850,1.0,0.0260301623493433
851,1.0,0.025989878922700882
852,1.0,0.025949517264962196
853,1.0,0.025909196585416794
854,1.0,0.02586924470961094
855,1.0,0.02582908235490322
856,1.0,0.025789082050323486
857,1.0,0.025749707594513893
858,1.0,0.02570962905883789
859,1.0,0.025669986382126808
860,1.0,0.025630731135606766
861,1.0,0.025591576471924782
862,1.0,0.025552039965987206
863,1.0,0.025513041764497757
864,1.0,0.02547396346926689
865,1.0,0.025435036048293114
866,1.0,0.02539655938744545
867,1.0,0.025357594713568687
868,1.0,0.025319356471300125
869,1.0,0.025280600413680077
870,1.0,0.025242334231734276
871,1.0,0.02520417608320713
872,1.0,0.025165919214487076
873,1.0,0.025127891451120377
874,1.0,0.025090167298913002
875,1.0,0.02505234256386757
876,1.0,0.025014549493789673
877,1.0,0.02497677505016327
878,1.0,0.02493949607014656
879,1.0,0.024902012199163437
880,1.0,0.024864723905920982
881,1.0,0.02482742816209793
882,1.0,0.024790572002530098
883,1.0,0.024753523990511894
884,1.0,0.024716321378946304
885,1.0,0.024679897353053093
886,1.0,0.02464299276471138
887,1.0,0.02460658550262451
888,1.0,0.02457023411989212
889,1.0,0.024533485993742943
890,1.0,0.024497518315911293
891,1.0,0.02446133829653263
892,1.0,0.02442501112818718
893,1.0,0.024389037862420082
894,1.0,0.024353448301553726
895,1.0,0.02431759051978588
896,1.0,0.024281764402985573
897,1.0,0.02424628473818302
898,1.0,0.02421063743531704
899,1.0,0.02417542226612568
900,1.0,0.024139869958162308
901,1.0,0.02410493791103363
902,1.0,0.024069596081972122
903,1.0,0.024034759029746056
904,1.0,0.023999743163585663
905,1.0,0.023964717984199524
906,1.0,0.023930329829454422
907,1.0,0.023895535618066788
908,1.0,0.02386094070971012
909,1.0,0.023826174437999725
910,1.0,0.023792311549186707
911,1.0,0.0237578097730875
912,1.0,0.02372376248240471
913,1.0,0.023689517751336098
914,1.0,0.023655658587813377
915,1.0,0.02362162433564663
916,1.0,0.023587720468640327
917,1.0,0.023553933948278427
918,1.0,0.023520447313785553
919,1.0,0.02348669432103634
920,1.0,0.02345365658402443
921,1.0,0.02342013642191887
922,1.0,0.023386679589748383
923,1.0,0.023353751748800278
924,1.0,0.023320484906435013
925,1.0,0.02328743226826191
926,1.0,0.023254791274666786
927,1.0,0.023221811279654503
928,1.0,0.023188773542642593
929,1.0,0.023156296461820602
930,1.0,0.02312355674803257
931,1.0,0.023091284558176994
932,1.0,0.0230591781437397
933,1.0,0.02302643284201622
934,1.0,0.022994253784418106
935,1.0,0.02296225167810917
936,1.0,0.02293018251657486
937,1.0,0.022898295894265175
938,1.0,0.022866232320666313
939,1.0,0.022834254428744316
940,1.0,0.022802770137786865
941,1.0,0.022771086543798447
942,1.0,0.022739311680197716
943,1.0,0.0227079838514328
944,1.0,0.022676561027765274
945,1.0,0.022645268589258194
946,1.0,0.02261391095817089
947,1.0,0.022582711651921272
948,1.0,0.022551732137799263
949,1.0,0.022520776838064194
950,1.0,0.022489547729492188
951,1.0,0.02245892584323883
952,1.0,0.022428026422858238
953,1.0,0.022397425025701523
954,1.0,0.022366825491189957
955,1.0,0.02233625017106533
956,1.0,0.022305792197585106
957,1.0,0.022275399416685104
958,1.0,0.022245213389396667
959,1.0,0.022214757278561592
960,1.0,0.02218453586101532
961,1.0,0.02215423434972763
962,1.0,0.02212483435869217
963,1.0,0.022094592452049255
964,1.0,0.02206471934914589
965,1.0,0.022034935653209686
966,1.0,0.022005219012498856
967,1.0,0.021975602954626083
968,1.0,0.021946009248495102
969,1.0,0.0219167098402977
970,1.0,0.021887246519327164
971,1.0,0.02185765840113163
972,1.0,0.021828550845384598
973,1.0,0.02179935947060585
974,1.0,0.021770130842924118
975,1.0,0.02174103632569313
976,1.0,0.02171219512820244
977,1.0,0.021683262661099434
978,1.0,0.021654337644577026
979,1.0,0.02162545546889305
980,1.0,0.02159685455262661
981,1.0,0.021568402647972107
982,1.0,0.021539678797125816
983,1.0,0.021511267870664597
984,1.0,0.021482769399881363
985,1.0,0.021454617381095886
986,1.0,0.02142636850476265
987,1.0,0.02139814756810665
988,1.0,0.021369919180870056
989,1.0,0.021341659128665924
990,1.0,0.02131390944123268
991,1.0,0.02128557860851288
992,1.0,0.021257968619465828
993,1.0,0.021230164915323257
994,1.0,0.021202266216278076
995,1.0,0.021174732595682144
996,1.0,0.02114715613424778
997,1.0,0.021119466051459312
998,1.0,0.021092066541314125
999,1.0,0.021064814180135727
1000,1.0,0.02103705331683159
1001,1.0,0.021010082215070724
1002,1.0,0.020983001217246056
1003,1.0,0.020955633372068405
1004,1.0,0.020928293466567993
1005,1.0,0.020901549607515335
1006,1.0,0.02087448537349701
1007,1.0,0.02084745466709137
1008,1.0,0.020820889621973038
1009,1.0,0.020794006064534187
1010,1.0,0.020767128095030785
1011,1.0,0.020740672945976257
1012,1.0,0.020713787525892258
1013,1.0,0.0206876490265131
1014,1.0,0.020661044865846634
1015,1.0,0.020634610205888748
1016,1.0,0.020608332008123398
1017,1.0,0.020581990480422974
1018,1.0,0.020555811002850533
1019,1.0,0.02052990347146988
1020,1.0,0.020503589883446693
1021,1.0,0.020477477461099625
1022,1.0,0.02045143023133278
1023,1.0,0.020425649359822273
1024,1.0,0.020400051027536392
1025,1.0,0.020374063402414322
1026,1.0,0.02034832537174225
1027,1.0,0.02032277174293995
1028,1.0,0.020297084003686905
1029,1.0,0.020271670073270798
1030,1.0,0.02024615742266178
1031,1.0,0.02022058144211769
1032,1.0,0.02019539661705494
1033,1.0,0.02017001435160637
1034,1.0,0.02014480158686638
1035,1.0,0.020119674503803253
1036,1.0,0.02009434439241886
1037,1.0,0.020069438964128494
1038,1.0,0.02004445530474186
1039,1.0,0.020019352436065674
1040,1.0,0.019994521513581276
1041,1.0,0.019969763234257698
1042,1.0,0.01994483917951584
1043,1.0,0.019920095801353455
1044,1.0,0.019895408302545547
1045,1.0,0.01987074688076973
1046,1.0,0.01984620839357376
1047,1.0,0.019821742549538612
1048,1.0,0.019797077402472496
1049,1.0,0.0197727233171463
1050,1.0,0.019748520106077194
1051,1.0,0.019723903387784958
1052,1.0,0.01969980262219906
1053,1.0,0.019675638526678085
1054,1.0,0.01965155638754368
1055,1.0,0.019627371802926064
1056,1.0,0.019603386521339417
1057,1.0,0.019579315558075905
1058,1.0,0.019555339589715004
1059,1.0,0.019531622529029846
1060,1.0,0.01950778439640999
1061,1.0,0.019483860582113266
1062,1.0,0.019460346549749374
1063,1.0,0.019436795264482498
1064,1.0,0.019412953406572342
1065,1.0,0.019389476627111435
1066,1.0,0.019365815445780754
1067,1.0,0.019342590123414993
1068,1.0,0.019319072365760803
1069,1.0,0.019295578822493553
1070,1.0,0.01927262544631958
1071,1.0,0.01924915984272957
1072,1.0,0.01922592893242836
1073,1.0,0.019202839583158493
1074,1.0,0.019179826602339745
1075,1.0,0.01915675960481167
1076,1.0,0.019133731722831726
1077,1.0,0.019110888242721558
1078,1.0,0.01908796653151512
1079,1.0,0.01906505413353443
1080,1.0,0.019042398780584335
1081,1.0,0.01901969686150551
1082,1.0,0.018996933475136757
1083,1.0,0.01897432841360569
1084,1.0,0.018951790407299995
1085,1.0,0.01892927661538124
1086,1.0,0.01890675723552704
1087,1.0,0.01888442039489746
1088,1.0,0.018862055614590645
1089,1.0,0.01883978769183159
1090,1.0,0.018817352131009102
1091,1.0,0.018795253708958626
1092,1.0,0.018773293122649193
1093,1.0,0.018750963732600212
1094,1.0,0.018728885799646378
1095,1.0,0.01870707981288433
1096,1.0,0.01868494227528572
1097,1.0,0.018662985414266586
1098,1.0,0.018641194328665733
1099,1.0,0.018619313836097717
1100,1.0,0.018597550690174103
1101,1.0,0.0185757614672184
1102,1.0,0.018554070964455605
1103,1.0,0.01853262074291706
1104,1.0,0.018510807305574417
1105,1.0,0.018489375710487366
1106,1.0,0.018467750400304794
1107,1.0,0.01844640076160431
1108,1.0,0.018425047397613525
1109,1.0,0.01840353012084961
1110,1.0,0.01838235929608345
1111,1.0,0.018361089751124382
1112,1.0,0.018339768052101135
1113,1.0,0.01831868663430214
1114,1.0,0.018297482281923294
1115,1.0,0.018276425078511238
1116,1.0,0.018255572766065598
1117,1.0,0.018234223127365112
1118,1.0,0.018213346600532532
1119,1.0,0.018192490562796593
1120,1.0,0.01817173883318901
1121,1.0,0.018150802701711655
1122,1.0,0.018129855394363403
1123,1.0,0.018109146505594254
1124,1.0,0.01808852143585682
1125,1.0,0.018067827448248863
1126,1.0,0.01804717257618904
1127,1.0,0.018026553094387054
1128,1.0,0.018006104975938797
1129,1.0,0.01798570714890957
1130,1.0,0.01796499639749527
1131,1.0,0.01794472336769104
1132,1.0,0.01792437583208084
1133,1.0,0.01790405996143818
1134,1.0,0.017883647233247757
1135,1.0,0.017863307148218155
1136,1.0,0.017843252047896385
1137,1.0,0.01782308518886566
1138,1.0,0.01780298724770546
1139,1.0,0.01778281107544899
1140,1.0,0.017762791365385056
1141,1.0,0.0177428238093853
1142,1.0,0.01772269234061241
1143,1.0,0.017702938988804817
1144,1.0,0.017683120444417
1145,1.0,0.017663147300481796
1146,1.0,0.01764354668557644
1147,1.0,0.017623694613575935
1148,1.0,0.017603924497961998
1149,1.0,0.01758437417447567
1150,1.0,0.017564868554472923
1151,1.0,0.017545117065310478
1152,1.0,0.017525579780340195
1153,1.0,0.01750623993575573
1154,1.0,0.017486613243818283
1155,1.0,0.017467329278588295
1156,1.0,0.0174478180706501
1157,1.0,0.017428448423743248
1158,1.0,0.017409276217222214
1159,1.0,0.017389945685863495
1160,1.0,0.017370712012052536
1161,1.0,0.017351562157273293
1162,1.0,0.017332252115011215
1163,1.0,0.01731320656836033
1164,1.0,0.01729419082403183
1165,1.0,0.01727491244673729
1166,1.0,0.017255956307053566
1167,1.0,0.017237039282917976
1168,1.0,0.017217928543686867
1169,1.0,0.017199061810970306
1170,1.0,0.01718016527593136
1171,1.0,0.01716121844947338
1172,1.0,0.01714247278869152
1173,1.0,0.017123978585004807
1174,1.0,0.017104944214224815
1175,1.0,0.017086146399378777
1176,1.0,0.017067808657884598
1177,1.0,0.017049003392457962
1178,1.0,0.01703035458922386
1179,1.0,0.01701214537024498
1180,1.0,0.016993457451462746
1181,1.0,0.01697498932480812
1182,1.0,0.016956543549895287
1183,1.0,0.016938017681241035
1184,1.0,0.01691974326968193
1185,1.0,0.016901584342122078
1186,1.0,0.016883164644241333
1187,1.0,0.01686493493616581
1188,1.0,0.01684689149260521
1189,1.0,0.016828665509819984
1190,1.0,0.016810456290841103
1191,1.0,0.01679227128624916
1192,1.0,0.016774345189332962
1193,1.0,0.016756393015384674
1194,1.0,0.01673828437924385
1195,1.0,0.0167202427983284
1196,1.0,0.0167025588452816
1197,1.0,0.01668449304997921
1198,1.0,0.016666609793901443
1199,1.0,0.01664881780743599
1200,1.0,0.016631077975034714
1201,1.0,0.01661338470876217
1202,1.0,0.01659567281603813
1203,1.0,0.01657801680266857
1204,1.0,0.01656041294336319
1205,1.0,0.016542693600058556
1206,1.0,0.01652519963681698
1207,1.0,0.016507647931575775
1208,1.0,0.016490042209625244
1209,1.0,0.016472768038511276
1210,1.0,0.0164552740752697
1211,1.0,0.016437822952866554
1212,1.0,0.0164205152541399
1213,1.0,0.016403192654252052
1214,1.0,0.016385981813073158
1215,1.0,0.016368694603443146
1216,1.0,0.016351325437426567
1217,1.0,0.01633421890437603
1218,1.0,0.016317177563905716
1219,1.0,0.01629999652504921
1220,1.0,0.016282856464385986
1221,1.0,0.0162658728659153
1222,1.0,0.016248788684606552
1223,1.0,0.016231747344136238
1224,1.0,0.016214821487665176
1225,1.0,0.01619807817041874
1226,1.0,0.016180934384465218
1227,1.0,0.016164209693670273
1228,1.0,0.016147401183843613
1229,1.0,0.016130587086081505
1230,1.0,0.016113800927996635
1231,1.0,0.016097145155072212
1232,1.0,0.016080524772405624
1233,1.0,0.01606367900967598
1234,1.0,0.016047220677137375
1235,1.0,0.016030732542276382
1236,1.0,0.01601414941251278
1237,1.0,0.015997445210814476
1238,1.0,0.015981029719114304
1239,1.0,0.015964748337864876
1240,1.0,0.015948200598359108
1241,1.0,0.015931686386466026
1242,1.0,0.015915457159280777
1243,1.0,0.01589912176132202
1244,1.0,0.015882711857557297
1245,1.0,0.015866704285144806
1246,1.0,0.015850326046347618
1247,1.0,0.015833942219614983
1248,1.0,0.015817826613783836
1249,1.0,0.015801753848791122
1250,1.0,0.015785764902830124
1251,1.0,0.01576961949467659
1252,1.0,0.01575350947678089
1253,1.0,0.01573755405843258
1254,1.0,0.015721550211310387
1255,1.0,0.015705566853284836
1256,1.0,0.01568959280848503
1257,1.0,0.015673857182264328
1258,1.0,0.015657832846045494
1259,1.0,0.015641899779438972
1260,1.0,0.01562625728547573
1261,1.0,0.015610392205417156
1262,1.0,0.015594643540680408
1263,1.0,0.015578864142298698
1264,1.0,0.015563258901238441
1265,1.0,0.015547576360404491
1266,1.0,0.015531924553215504
1267,1.0,0.015516308136284351
1268,1.0,0.015500793233513832
1269,1.0,0.01548524759709835
1270,1.0,0.015469634905457497
1271,1.0,0.015454314649105072
1272,1.0,0.015438726171851158
1273,1.0,0.01542326994240284
1274,1.0,0.015407929196953773
1275,1.0,0.015392379835247993
1276,1.0,0.015377184376120567
1277,1.0,0.015361830592155457
1278,1.0,0.015346708707511425
1279,1.0,0.015331342816352844
1280,1.0,0.015316082164645195
1281,1.0,0.015300904400646687
1282,1.0,0.015285815112292767
1283,1.0,0.015270540490746498
1284,1.0,0.015255403704941273
1285,1.0,0.015240294858813286
1286,1.0,0.015225313603878021
1287,1.0,0.015210251323878765
1288,1.0,0.015195193700492382
1289,1.0,0.015180331654846668
1290,1.0,0.015165242366492748
1291,1.0,0.015150345861911774
1292,1.0,0.015135521069169044
1293,1.0,0.015120714902877808
1294,1.0,0.015105806291103363
1295,1.0,0.015090838074684143
1296,1.0,0.015076154842972755
1297,1.0,0.015061435289680958
1298,1.0,0.015046748332679272
1299,1.0,0.015031996183097363
1300,1.0,0.01501742284744978
1301,1.0,0.015002700500190258
1302,1.0,0.01498805545270443
1303,1.0,0.014973461627960205
1304,1.0,0.014959009364247322
1305,1.0,0.014944314956665039
1306,1.0,0.014929805882275105
1307,1.0,0.014915389008820057
1308,1.0,0.014900870621204376
1309,1.0,0.014886483550071716
1310,1.0,0.014872017316520214
1311,1.0,0.014857599511742592
1312,1.0,0.014843444339931011
1313,1.0,0.01482892781496048
1314,1.0,0.01481462549418211
1315,1.0,0.014800311997532845
1316,1.0,0.014786127023398876
1317,1.0,0.014771908521652222
1318,1.0,0.014757740311324596
1319,1.0,0.014743512496352196
1320,1.0,0.014729303307831287
1321,1.0,0.01471517700701952
1322,1.0,0.0147011149674654
1323,1.0,0.014687063172459602
1324,1.0,0.014672942459583282
1325,1.0,0.014658985659480095
1326,1.0,0.014644971117377281
1327,1.0,0.014630923978984356
1328,1.0,0.014616990461945534
1329,1.0,0.014603053219616413
1330,1.0,0.014589181169867516
1331,1.0,0.014575310051441193
1332,1.0,0.014561380259692669
1333,1.0,0.014547695405781269
1334,1.0,0.014533782377839088
1335,1.0,0.014520044438540936
1336,1.0,0.014506327919661999
1337,1.0,0.014492550864815712
1338,1.0,0.014478730037808418
1339,1.0,0.01446523331105709
1340,1.0,0.014451509341597557
1341,1.0,0.014437967911362648
1342,1.0,0.014424333348870277
1343,1.0,0.014410669915378094
1344,1.0,0.01439711730927229
1345,1.0,0.014383723959326744
1346,1.0,0.014370064251124859
1347,1.0,0.014356489293277264
1348,1.0,0.014343099668622017
1349,1.0,0.014329688623547554
1350,1.0,0.014316223561763763
1351,1.0,0.014302745461463928
1352,1.0,0.014289448969066143
1353,1.0,0.014276060275733471
1354,1.0,0.01426271628588438
1355,1.0,0.01424928568303585
1356,1.0,0.014236207120120525
1357,1.0,0.01422281563282013
1358,1.0,0.014209531247615814
1359,1.0,0.014196391217410564
1360,1.0,0.014183190651237965
1361,1.0,0.014169968664646149
1362,1.0,0.014156903140246868
1363,1.0,0.014143666252493858
1364,1.0,0.014130550436675549
1365,1.0,0.01411745697259903
1366,1.0,0.014104480855166912
1367,1.0,0.014091379940509796
1368,1.0,0.01407837588340044
1369,1.0,0.014065342023968697
1370,1.0,0.014052475802600384
1371,1.0,0.014039410278201103
1372,1.0,0.014026534743607044
1373,1.0,0.014013615436851978
1374,1.0,0.014000659808516502
1375,1.0,0.01398784201592207
1376,1.0,0.01397501677274704
1377,1.0,0.013962233439087868
1378,1.0,0.01394948922097683
1379,1.0,0.013936547562479973
1380,1.0,0.013923948630690575
1381,1.0,0.013911222107708454
1382,1.0,0.013898501172661781
1383,1.0,0.01388564147055149
1384,1.0,0.013873095624148846
1385,1.0,0.013860401697456837
1386,1.0,0.013847803696990013
1387,1.0,0.013835335150361061
1388,1.0,0.013822607696056366
1389,1.0,0.013810043223202229
1390,1.0,0.01379762589931488
1391,1.0,0.013785040006041527
1392,1.0,0.013772581703960896
1393,1.0,0.013760039582848549
1394,1.0,0.01374757569283247
1395,1.0,0.013735145330429077
1396,1.0,0.013722816482186317
1397,1.0,0.013710345141589642
1398,1.0,0.013697989284992218
1399,1.0,0.013685652986168861
1400,1.0,0.01367332972586155
1401,1.0,0.013661016710102558
1402,1.0,0.013648644089698792
1403,1.0,0.013636475428938866
1404,1.0,0.013624127022922039
1405,1.0,0.013611994683742523
1406,1.0,0.013599781319499016
1407,1.0,0.01358755398541689
1408,1.0,0.013575362972915173
1409,1.0,0.013563230633735657
1410,1.0,0.013551068492233753
1411,1.0,0.013539056293666363
1412,1.0,0.01352690625935793
1413,1.0,0.013514809310436249
1414,1.0,0.013502957299351692
1415,1.0,0.013490786775946617
1416,1.0,0.01347876526415348
1417,1.0,0.013466772623360157
1418,1.0,0.01345487404614687
1419,1.0,0.013442854396998882
1420,1.0,0.013430861756205559
1421,1.0,0.013419094495475292
1422,1.0,0.013407161459326744
1423,1.0,0.013395297341048717
1424,1.0,0.013383409008383751
1425,1.0,0.013371706008911133
1426,1.0,0.013359789736568928
1427,1.0,0.013347923755645752
1428,1.0,0.01333620399236679
1429,1.0,0.013324514031410217
1430,1.0,0.01331277471035719
1431,1.0,0.013301074504852295
1432,1.0,0.013289326801896095
1433,1.0,0.013277593068778515
1434,1.0,0.013265920802950859
1435,1.0,0.013254387304186821
1436,1.0,0.013242697343230247
1437,1.0,0.013231141492724419
1438,1.0,0.013219567947089672
1439,1.0,0.013207959942519665
1440,1.0,0.013196391053497791
1441,1.0,0.01318495161831379
1442,1.0,0.013173505663871765
1443,1.0,0.013161957263946533
1444,1.0,0.013150428421795368
1445,1.0,0.013139039278030396
1446,1.0,0.01312754862010479
1447,1.0,0.013116148300468922
1448,1.0,0.01310473121702671
1449,1.0,0.013093402609229088
1450,1.0,0.01308209728449583
1451,1.0,0.01307067833840847
1452,1.0,0.013059297576546669
1453,1.0,0.013048121705651283
1454,1.0,0.013036784715950489
1455,1.0,0.013025544583797455
1456,1.0,0.013014266267418861
1457,1.0,0.01300301868468523
1458,1.0,0.012991842813789845
1459,1.0,0.012980611994862556
1460,1.0,0.012969546020030975
1461,1.0,0.012958409264683723
1462,1.0,0.012947162613272667
1463,1.0,0.012936028651893139
1464,1.0,0.012925001792609692
1465,1.0,0.01291387528181076
1466,1.0,0.012902741320431232
1467,1.0,0.012891796417534351
1468,1.0,0.012880641035735607
1469,1.0,0.012869702652096748
1470,1.0,0.012858787551522255
1471,1.0,0.01284762006253004
1472,1.0,0.012836781330406666
1473,1.0,0.01282590627670288
1474,1.0,0.012814857065677643
1475,1.0,0.012803951278328896
1476,1.0,0.012793037109076977
1477,1.0,0.012782132253050804
1478,1.0,0.012771369889378548
1479,1.0,0.012760388664901257
1480,1.0,0.012749609537422657
1481,1.0,0.012738814577460289
1482,1.0,0.012727975845336914
1483,1.0,0.012717189267277718
1484,1.0,0.012706384062767029
1485,1.0,0.012695707380771637
1486,1.0,0.012684913352131844
1487,1.0,0.012674289755523205
1488,1.0,0.012663478963077068
1489,1.0,0.012652842327952385
1490,1.0,0.012642113491892815
1491,1.0,0.012631526216864586
1492,1.0,0.012620900757610798
1493,1.0,0.012610306032001972
1494,1.0,0.012599652633070946
1495,1.0,0.01258911658078432
1496,1.0,0.012578467838466167
1497,1.0,0.01256790291517973
1498,1.0,0.0125574367120862
1499,1.0,0.012546813115477562
1500,1.0,0.01253643911331892
1501,1.0,0.012525896541774273
1502,1.0,0.012515383772552013
1503,1.0,0.012504944577813148
1504,1.0,0.012494513764977455
1505,1.0,0.01248413510620594
1506,1.0,0.012473799288272858
1507,1.0,0.012463313527405262
1508,1.0,0.012452921830117702
1509,1.0,0.012442606501281261
1510,1.0,0.01243217010051012
1511,1.0,0.012421930208802223
1512,1.0,0.012411692179739475
1513,1.0,0.012401372194290161
1514,1.0,0.012391001917421818
1515,1.0,0.012380829080939293
1516,1.0,0.012370589189231396
1517,1.0,0.012360325083136559
1518,1.0,0.012350216507911682
1519,1.0,0.012339942157268524
1520,1.0,0.012329702265560627
1521,1.0,0.012319580651819706
1522,1.0,0.01230944599956274
1523,1.0,0.012299305759370327
1524,1.0,0.012289106845855713
1525,1.0,0.01227907370775938
1526,1.0,0.01226893812417984
1527,1.0,0.012258927337825298
1528,1.0,0.012248885817825794
1529,1.0,0.012238705530762672
1530,1.0,0.012228887528181076
